<?xml version="1.0" encoding="utf-8"?><testsuites name="pytest tests"><testsuite name="pytest" errors="0" failures="1" skipped="2" tests="16" time="12.644" timestamp="2026-05-21T12:37:05.577787+00:00" hostname="agent-env-d40ff25a-6729-4cca-ab4c-05bad06cdee1"><testcase classname="backend.tests.test_foodpro_backend.TestPublic" name="test_subscription_plans" time="0.379" /><testcase classname="backend.tests.test_foodpro_backend.TestAuth" name="test_login_success" time="0.294" /><testcase classname="backend.tests.test_foodpro_backend.TestAuth" name="test_login_invalid" time="0.316" /><testcase classname="backend.tests.test_foodpro_backend.TestSubscription" name="test_current_subscription" time="0.514" /><testcase classname="backend.tests.test_foodpro_backend.TestCurrencies" name="test_currencies_list" time="0.079" /><testcase classname="backend.tests.test_foodpro_backend.TestCurrencies" name="test_rates_sar" time="0.088" /><testcase classname="backend.tests.test_foodpro_backend.TestCurrencies" name="test_refresh_usd" time="0.266" /><testcase classname="backend.tests.test_foodpro_backend.TestCurrencies" name="test_rates_usd_includes_sar" time="1.090"><failure message="AssertionError: SAR not in USD rates; sample=['AUD', 'BRL', 'CAD', 'CHF', 'CNY', 'CZK', 'DKK', 'EUR', 'GBP', 'HKD', 'HUF', 'IDR', 'ILS', 'INR', 'ISK', 'JPY', 'KRW', 'MXN', 'MYR', 'NOK', 'NZD', 'PHP', 'PLN', 'RON', 'SEK', 'SGD', 'THB', 'TRY', 'USD', 'ZAR']&#10;assert 'SAR' in {'AUD', 'BRL', 'CAD', 'CHF', 'CNY', 'CZK', ...}">backend/tests/test_foodpro_backend.py:127: in test_rates_usd_includes_sar
    assert "SAR" in codes, f"SAR not in USD rates; sample={sorted(c for c in codes if c)[:30]}"
E   AssertionError: SAR not in USD rates; sample=['AUD', 'BRL', 'CAD', 'CHF', 'CNY', 'CZK', 'DKK', 'EUR', 'GBP', 'HKD', 'HUF', 'IDR', 'ILS', 'INR', 'ISK', 'JPY', 'KRW', 'MXN', 'MYR', 'NOK', 'NZD', 'PHP', 'PLN', 'RON', 'SEK', 'SGD', 'THB', 'TRY', 'USD', 'ZAR']
E   assert 'SAR' in {'AUD', 'BRL', 'CAD', 'CHF', 'CNY', 'CZK', ...}</failure></testcase><testcase classname="backend.tests.test_foodpro_backend.TestProductsAndOrders" name="test_products_list" time="0.073" /><testcase classname="backend.tests.test_foodpro_backend.TestProductsAndOrders" name="test_order_create_and_complete" time="0.078"><skipped type="pytest.skip" message="no products available for demo tenant">/app/backend/tests/test_foodpro_backend.py:145: no products available for demo tenant</skipped></testcase><testcase classname="backend.tests.test_foodpro_backend.TestMisc" name="test_qr_orders" time="0.084" /><testcase classname="backend.tests.test_foodpro_backend.TestMisc" name="test_discounts_settings" time="0.160"><skipped type="pytest.skip" message="/api/discounts/settings → 404; actual route is /api/discount-settings (works, returns {'settings': []})">/app/backend/tests/test_foodpro_backend.py:180: /api/discounts/settings → 404; actual route is /api/discount-settings (works, returns {'settings': []})</skipped></testcase><testcase classname="backend.tests.test_foodpro_backend.TestMisc" name="test_invoice_settings" time="0.082" /><testcase classname="backend.tests.test_foodpro_backend.TestMisc" name="test_master_password_status" time="0.080" /><testcase classname="backend.tests.test_foodpro_backend.TestRealtime" name="test_ws_upgrade" time="8.201" /><testcase classname="backend.tests.test_foodpro_backend.TestRealtime" name="test_service_worker_js" time="0.064" /></testsuite></testsuites>