<?xml version="1.0" encoding="utf-8"?><testsuites name="pytest tests"><testsuite name="pytest" errors="0" failures="0" skipped="0" tests="18" time="6.106" timestamp="2026-05-21T12:51:29.760509+00:00" hostname="agent-env-d40ff25a-6729-4cca-ab4c-05bad06cdee1"><testcase classname="backend.tests.test_foodpro_backend.TestPublic" name="test_subscription_plans" time="0.339" /><testcase classname="backend.tests.test_foodpro_backend.TestAuth" name="test_login_success" time="0.456" /><testcase classname="backend.tests.test_foodpro_backend.TestAuth" name="test_login_invalid" time="0.379" /><testcase classname="backend.tests.test_foodpro_backend.TestSubscription" name="test_current_subscription" time="0.668" /><testcase classname="backend.tests.test_foodpro_backend.TestCurrencies" name="test_currencies_list" time="0.112" /><testcase classname="backend.tests.test_foodpro_backend.TestCurrencies" name="test_rates_sar" time="0.098" /><testcase classname="backend.tests.test_foodpro_backend.TestCurrencies" name="test_refresh_usd" time="0.845" /><testcase classname="backend.tests.test_foodpro_backend.TestCurrencies" name="test_rates_usd_includes_sar" time="1.110" /><testcase classname="backend.tests.test_foodpro_backend.TestProductsAndOrders" name="test_products_list" time="0.097" /><testcase classname="backend.tests.test_foodpro_backend.TestProductsAndOrders" name="test_order_create_and_complete" time="0.358" /><testcase classname="backend.tests.test_foodpro_backend.TestMisc" name="test_qr_orders" time="0.119" /><testcase classname="backend.tests.test_foodpro_backend.TestMisc" name="test_discounts_settings" time="0.216" /><testcase classname="backend.tests.test_foodpro_backend.TestMisc" name="test_invoice_settings" time="0.091" /><testcase classname="backend.tests.test_foodpro_backend.TestMisc" name="test_master_password_status" time="0.088" /><testcase classname="backend.tests.test_foodpro_backend.TestRealtime" name="test_ws_upgrade_api_public" time="0.388" /><testcase classname="backend.tests.test_foodpro_backend.TestRealtime" name="test_ws_upgrade_ws_alias_local" time="0.005" /><testcase classname="backend.tests.test_foodpro_backend.TestRealtime" name="test_ws_upgrade_api_ws_local" time="0.006" /><testcase classname="backend.tests.test_foodpro_backend.TestRealtime" name="test_service_worker_js" time="0.067" /></testsuite></testsuites>