<?xml version="1.0" encoding="utf-8"?><testsuites name="pytest tests"><testsuite name="pytest" errors="0" failures="0" skipped="0" tests="18" time="3.907" timestamp="2026-05-21T16:34:30.191900+00:00" hostname="agent-env-d40ff25a-6729-4cca-ab4c-05bad06cdee1"><testcase classname="backend.tests.test_foodpro_backend.TestPublic" name="test_subscription_plans" time="0.214" /><testcase classname="backend.tests.test_foodpro_backend.TestAuth" name="test_login_success" time="0.161" /><testcase classname="backend.tests.test_foodpro_backend.TestAuth" name="test_login_invalid" time="0.153" /><testcase classname="backend.tests.test_foodpro_backend.TestSubscription" name="test_current_subscription" time="0.347" /><testcase classname="backend.tests.test_foodpro_backend.TestCurrencies" name="test_currencies_list" time="0.076" /><testcase classname="backend.tests.test_foodpro_backend.TestCurrencies" name="test_rates_sar" time="0.079" /><testcase classname="backend.tests.test_foodpro_backend.TestCurrencies" name="test_refresh_usd" time="0.517" /><testcase classname="backend.tests.test_foodpro_backend.TestCurrencies" name="test_rates_usd_includes_sar" time="1.102" /><testcase classname="backend.tests.test_foodpro_backend.TestProductsAndOrders" name="test_products_list" time="0.068" /><testcase classname="backend.tests.test_foodpro_backend.TestProductsAndOrders" name="test_order_create_and_complete" time="0.255" /><testcase classname="backend.tests.test_foodpro_backend.TestMisc" name="test_qr_orders" time="0.079" /><testcase classname="backend.tests.test_foodpro_backend.TestMisc" name="test_discounts_settings" time="0.136" /><testcase classname="backend.tests.test_foodpro_backend.TestMisc" name="test_invoice_settings" time="0.075" /><testcase classname="backend.tests.test_foodpro_backend.TestMisc" name="test_master_password_status" time="0.073" /><testcase classname="backend.tests.test_foodpro_backend.TestRealtime" name="test_ws_upgrade_api_public" time="0.284" /><testcase classname="backend.tests.test_foodpro_backend.TestRealtime" name="test_ws_upgrade_ws_alias_local" time="0.002" /><testcase classname="backend.tests.test_foodpro_backend.TestRealtime" name="test_ws_upgrade_api_ws_local" time="0.002" /><testcase classname="backend.tests.test_foodpro_backend.TestRealtime" name="test_service_worker_js" time="0.056" /></testsuite></testsuites>