<?xml version="1.0" encoding="utf-8"?><testsuites name="pytest tests"><testsuite name="pytest" errors="0" failures="2" skipped="1" tests="17" time="6.908" timestamp="2026-05-21T14:18:53.301872+00:00" hostname="agent-env-d40ff25a-6729-4cca-ab4c-05bad06cdee1"><testcase classname="backend.tests.test_foodpro_iteration3.TestAuthAndSubscription" name="test_login" time="0.826" /><testcase classname="backend.tests.test_foodpro_iteration3.TestAuthAndSubscription" name="test_subscription_demo_mode_unlocks_enterprise" time="0.811"><failure message="AssertionError: plan=starter body={'plan': 'starter', 'status': 'trial', 'planName': 'Starter', 'planNameAr': 'البداية', 'yearlyPriceUsd': 149, 'features': ['pos', 'orders', 'products', 'categories', 'qr_menu', 'reports_basic'], 'limits': {'maxBranches': 1, 'maxUsers': 2}, 'trialEndsAt': '2026-06-04T13:53:21.373Z', 'currentPeriodEnd': None, 'cancelAtPeriodEnd': False, 'pendingDowngradePlan': None, 'daysLeft': 14, 'readOnly': False, 'usage': {'branches': {'used': 0, 'max': 1, 'unlimited': False}, 'users': {'used': 1, 'max': 3, 'unlimited': False}}, 'paddleConfigured': False}&#10;assert 'starter' == 'enterprise'&#10;  &#10;  - enterprise&#10;  + starter">E   AssertionError: plan=starter body={'plan': 'starter', 'status': 'trial', 'planName': 'Starter', 'planNameAr': 'البداية', 'yearlyPriceUsd': 149, 'features': ['pos', 'orders', 'products', 'categories', 'qr_menu', 'reports_basic'], 'limits': {'maxBranches': 1, 'maxUsers': 2}, 'trialEndsAt': '2026-06-04T13:53:21.373Z', 'currentPeriodEnd': None, 'cancelAtPeriodEnd': False, 'pendingDowngradePlan': None, 'daysLeft': 14, 'readOnly': False, 'usage': {'branches': {'used': 0, 'max': 1, 'unlimited': False}, 'users': {'used': 1, 'max': 3, 'unlimited': False}}, 'paddleConfigured': False}
    assert 'starter' == 'enterprise'
      
      - enterprise
      + starter</failure></testcase><testcase classname="backend.tests.test_foodpro_iteration3.TestProductsAndImage" name="test_products_list_has_seeded" time="0.149" /><testcase classname="backend.tests.test_foodpro_iteration3.TestProductsAndImage" name="test_upload_image_base64_and_patch_product" time="0.571" /><testcase classname="backend.tests.test_foodpro_iteration3.TestQrOrders" name="test_qr_orders_list" time="0.108"><failure message="AssertionError: &lt;!DOCTYPE html&gt;&#10;  &lt;html lang=&quot;en&quot;&gt;&#10;  &lt;head&gt;&#10;  &lt;meta charset=&quot;utf-8&quot;&gt;&#10;  &lt;title&gt;Error&lt;/title&gt;&#10;  &lt;/head&gt;&#10;  &lt;body&gt;&#10;  &lt;pre&gt;Error: Failed query: &lt;br&gt; &amp;nbsp; &amp;nbsp;SELECT&lt;br&gt; &amp;nbsp; &amp;nbsp; &amp;nbsp;o.id, o.table_number, o.status, o.created_at, o.kitchen_ready_at,&lt;br&gt; &amp;nbsp; &amp;nbsp; &amp;nbsp;o.customer_name, o.customer_phone, o&#10;assert 500 == 200&#10; +  where 500 = &lt;Response [500]&gt;.status_code">E   AssertionError: &lt;!DOCTYPE html&gt;
      &lt;html lang="en"&gt;
      &lt;head&gt;
      &lt;meta charset="utf-8"&gt;
      &lt;title&gt;Error&lt;/title&gt;
      &lt;/head&gt;
      &lt;body&gt;
      &lt;pre&gt;Error: Failed query: &lt;br&gt; &amp;nbsp; &amp;nbsp;SELECT&lt;br&gt; &amp;nbsp; &amp;nbsp; &amp;nbsp;o.id, o.table_number, o.status, o.created_at, o.kitchen_ready_at,&lt;br&gt; &amp;nbsp; &amp;nbsp; &amp;nbsp;o.customer_name, o.customer_phone, o
    assert 500 == 200
     +  where 500 = &lt;Response [500]&gt;.status_code</failure></testcase><testcase classname="backend.tests.test_foodpro_iteration3.TestDiscountSettings" name="test_get_seeded_10_roles" time="0.121" /><testcase classname="backend.tests.test_foodpro_iteration3.TestDiscountSettings" name="test_put_persists_cashier_15pct" time="0.328" /><testcase classname="backend.tests.test_foodpro_iteration3.TestInvoiceSettings" name="test_get_invoice_settings_initial" time="0.121" /><testcase classname="backend.tests.test_foodpro_iteration3.TestInvoiceSettings" name="test_put_invoice_settings_persists" time="0.258" /><testcase classname="backend.tests.test_foodpro_iteration3.TestInvoiceSettings" name="test_qr_data_url" time="0.148" /><testcase classname="backend.tests.test_foodpro_iteration3.TestMasterPassword" name="test_full_lifecycle" time="0.087"><skipped type="pytest.skip" message="master-password already configured for demo tenant from a prior run; create+verify-correct cannot be tested without resetting DB. verify-wrong path is tested separately below.">/app/backend/tests/test_foodpro_iteration3.py:272: master-password already configured for demo tenant from a prior run; create+verify-correct cannot be tested without resetting DB. verify-wrong path is tested separately below.</skipped></testcase><testcase classname="backend.tests.test_foodpro_iteration3.TestMasterPassword" name="test_verify_wrong_password_returns_401_regardless" time="1.091" /><testcase classname="backend.tests.test_foodpro_iteration3.TestCouponsCRUD" name="test_full_crud" time="0.375" /><testcase classname="backend.tests.test_foodpro_iteration3.TestExchangeRates" name="test_sar_has_100_rows" time="0.102" /><testcase classname="backend.tests.test_foodpro_iteration3.TestWebSocket" name="test_ws_api_public_upgrade" time="0.411" /><testcase classname="backend.tests.test_foodpro_iteration3.TestPwaAssets" name="test_service_worker" time="0.083" /><testcase classname="backend.tests.test_foodpro_iteration3.TestPwaAssets" name="test_manifest_webmanifest" time="0.134" /></testsuite></testsuites>