<?xml version="1.0" encoding="utf-8"?><testsuites name="pytest tests"><testsuite name="pytest" errors="0" failures="0" skipped="1" tests="19" time="4.946" timestamp="2026-05-21T16:34:18.755519+00:00" hostname="agent-env-d40ff25a-6729-4cca-ab4c-05bad06cdee1"><testcase classname="backend.tests.test_foodpro_iteration3.TestAuthAndSubscription" name="test_login" time="0.560" /><testcase classname="backend.tests.test_foodpro_iteration3.TestAuthAndSubscription" name="test_subscription_demo_mode_unlocks_enterprise" time="0.484" /><testcase classname="backend.tests.test_foodpro_iteration3.TestProductsAndImage" name="test_products_list_has_seeded" time="0.085" /><testcase classname="backend.tests.test_foodpro_iteration3.TestProductsAndImage" name="test_upload_image_base64_and_patch_product" time="0.436" /><testcase classname="backend.tests.test_foodpro_iteration3.TestQrOrders" name="test_qr_orders_list" time="0.086" /><testcase classname="backend.tests.test_foodpro_iteration3.TestDiscountSettings" name="test_get_seeded_10_roles" time="0.095" /><testcase classname="backend.tests.test_foodpro_iteration3.TestDiscountSettings" name="test_max_discount_percent_is_number_not_string" time="0.168" /><testcase classname="backend.tests.test_foodpro_iteration3.TestDiscountSettings" name="test_put_persists_cashier_15pct" time="0.170" /><testcase classname="backend.tests.test_foodpro_iteration3.TestInvoiceSettings" name="test_get_invoice_settings_initial" time="0.085" /><testcase classname="backend.tests.test_foodpro_iteration3.TestInvoiceSettings" name="test_put_invoice_settings_persists" time="0.189" /><testcase classname="backend.tests.test_foodpro_iteration3.TestInvoiceSettings" name="test_get_invoice_settings_returns_camelcase" time="0.190" /><testcase classname="backend.tests.test_foodpro_iteration3.TestInvoiceSettings" name="test_qr_data_url" time="0.186" /><testcase classname="backend.tests.test_foodpro_iteration3.TestMasterPassword" name="test_full_lifecycle" time="0.086"><skipped type="pytest.skip" message="master-password already configured for demo tenant from a prior run; create+verify-correct cannot be tested without resetting DB. verify-wrong path is tested separately below.">/app/backend/tests/test_foodpro_iteration3.py:322: master-password already configured for demo tenant from a prior run; create+verify-correct cannot be tested without resetting DB. verify-wrong path is tested separately below.</skipped></testcase><testcase classname="backend.tests.test_foodpro_iteration3.TestMasterPassword" name="test_verify_wrong_password_returns_401_regardless" time="0.672" /><testcase classname="backend.tests.test_foodpro_iteration3.TestCouponsCRUD" name="test_full_crud" time="0.336" /><testcase classname="backend.tests.test_foodpro_iteration3.TestExchangeRates" name="test_sar_has_100_rows" time="0.103" /><testcase classname="backend.tests.test_foodpro_iteration3.TestWebSocket" name="test_ws_api_public_upgrade" time="0.227" /><testcase classname="backend.tests.test_foodpro_iteration3.TestPwaAssets" name="test_service_worker" time="0.098" /><testcase classname="backend.tests.test_foodpro_iteration3.TestPwaAssets" name="test_manifest_webmanifest" time="0.081" /></testsuite></testsuites>