<?xml version="1.0" encoding="utf-8"?><testsuites name="pytest tests"><testsuite name="pytest" errors="0" failures="0" skipped="0" tests="24" time="5.931" timestamp="2026-05-23T12:37:17.141969+00:00" hostname="agent-env-d40ff25a-6729-4cca-ab4c-05bad06cdee1"><testcase classname="backend.tests.test_auth_and_options.TestAuth" name="test_signup_logout_login_again" time="0.492" /><testcase classname="backend.tests.test_auth_and_options.TestAuth" name="test_6_wrong_passwords_same_email_locks_with_email_ip_scope" time="0.944" /><testcase classname="backend.tests.test_auth_and_options.TestAuth" name="test_lockout_is_per_email_other_email_not_blocked" time="1.100" /><testcase classname="backend.tests.test_auth_and_options.TestAuth" name="test_success_clears_prior_failures" time="1.028" /><testcase classname="backend.tests.test_auth_and_options.TestProductOptions" name="test_create_product_with_option_groups" time="0.192" /><testcase classname="backend.tests.test_auth_and_options.TestProductOptions" name="test_patch_name_only_does_not_drop_option_groups" time="0.070" /><testcase classname="backend.tests.test_auth_and_options.TestProductOptions" name="test_order_unit_price_includes_options" time="0.071" /><testcase classname="backend.tests.test_auth_and_options.TestProductOptions" name="test_required_option_missing_returns_400" time="0.037" /><testcase classname="backend.tests.test_auth_and_options.TestProductOptions" name="test_get_order_returns_selected_options_and_base_unit_price" time="0.056" /><testcase classname="backend.tests.test_auth_and_options.TestProductOptions" name="test_simple_product_without_options_still_works" time="0.109" /><testcase classname="backend.tests.test_auth_and_options.TestProductOptions" name="test_tenant_isolation_options_product" time="0.185" /><testcase classname="backend.tests.test_auth_and_options.TestPriceModeFullDelta" name="test_create_product_with_full_mode_items_stores_price" time="0.088" /><testcase classname="backend.tests.test_auth_and_options.TestPriceModeFullDelta" name="test_create_product_full_mode_without_price_rejected" time="0.045" /><testcase classname="backend.tests.test_auth_and_options.TestPriceModeFullDelta" name="test_delta_only_still_supported" time="0.067" /><testcase classname="backend.tests.test_auth_and_options.TestPriceModeFullDelta" name="test_order_full_only_overrides_base" time="0.037" /><testcase classname="backend.tests.test_auth_and_options.TestPriceModeFullDelta" name="test_order_full_plus_delta" time="0.052" /><testcase classname="backend.tests.test_auth_and_options.TestPriceModeFullDelta" name="test_order_full_plus_two_deltas_qty2_subtotal" time="0.092" /><testcase classname="backend.tests.test_auth_and_options.TestPriceModeFullDelta" name="test_order_delta_only_uses_base_plus_delta" time="0.071" /><testcase classname="backend.tests.test_auth_and_options.TestPriceModeFullDelta" name="test_order_missing_required_size_returns_400" time="0.039" /><testcase classname="backend.tests.test_auth_and_options.TestPriceModeFullDelta" name="test_get_order_preserves_priceMode_snapshot" time="0.087" /><testcase classname="backend.tests.test_auth_and_options.TestPublicGuestOrderPriceMode" name="test_public_order_full_plus_delta" time="0.068" /><testcase classname="backend.tests.test_auth_and_options.TestPublicGuestOrderPriceMode" name="test_public_order_full_only_overrides_base" time="0.040" /><testcase classname="backend.tests.test_auth_and_options.TestPublicGuestOrderPriceMode" name="test_public_order_missing_required_returns_400" time="0.071" /><testcase classname="backend.tests.test_auth_and_options.TestPublicGuestOrder" name="test_public_order_with_options_and_required_missing" time="0.047" /></testsuite></testsuites>