<?xml version="1.0" encoding="utf-8"?><testsuites name="pytest tests"><testsuite name="pytest" errors="0" failures="0" skipped="0" tests="12" time="3.098" timestamp="2026-05-28T00:52:24.704183+00:00" hostname="agent-env-d40ff25a-6729-4cca-ab4c-05bad06cdee1"><testcase classname="backend.tests.test_persistent_login.TestLoginIssuesCookie" name="test_login_returns_token_and_user" time="0.178" /><testcase classname="backend.tests.test_persistent_login.TestLoginIssuesCookie" name="test_login_sets_foodoro_rt_cookie_with_correct_flags" time="0.132" /><testcase classname="backend.tests.test_persistent_login.TestLoginIssuesCookie" name="test_jwt_exp_is_seven_days" time="0.147" /><testcase classname="backend.tests.test_persistent_login.TestRefreshCookieOnly" name="test_refresh_no_cookie_returns_401_no_refresh" time="0.007" /><testcase classname="backend.tests.test_persistent_login.TestRefreshCookieOnly" name="test_refresh_uses_cookie_without_bearer" time="0.165" /><testcase classname="backend.tests.test_persistent_login.TestRotationAndReuse" name="test_two_refreshes_produce_different_tokens" time="1.187" /><testcase classname="backend.tests.test_persistent_login.TestRotationAndReuse" name="test_db_chain_has_replaced_by_id" time="0.165" /><testcase classname="backend.tests.test_persistent_login.TestRotationAndReuse" name="test_reused_token_returns_401_reused" time="0.204" /><testcase classname="backend.tests.test_persistent_login.TestLogout" name="test_logout_without_bearer_clears_cookie_and_revokes_chain" time="0.192" /><testcase classname="backend.tests.test_persistent_login.TestAiEnginesRegression" name="test_daily_predictions" time="0.189" /><testcase classname="backend.tests.test_persistent_login.TestAiEnginesRegression" name="test_trending_recommendations" time="0.152" /><testcase classname="backend.tests.test_persistent_login.TestAiEnginesRegression" name="test_anomalies" time="0.170" /></testsuite></testsuites>