<?xml version="1.0" encoding="utf-8"?><testsuites name="pytest tests"><testsuite name="pytest" errors="0" failures="1" skipped="0" tests="46" time="8.921" timestamp="2026-05-23T13:21:46.248574+00:00" hostname="agent-env-d40ff25a-6729-4cca-ab4c-05bad06cdee1"><testcase classname="backend.tests.test_fraud_protection.TestQrScan" name="test_scan_returns_id_and_fingerprint" time="0.271" /><testcase classname="backend.tests.test_fraud_protection.TestQrScan" name="test_scan_invalid_token_410" time="0.011" /><testcase classname="backend.tests.test_fraud_protection.TestIdentityValidation" name="test_missing_customer_name_rejected" time="0.048" /><testcase classname="backend.tests.test_fraud_protection.TestIdentityValidation" name="test_missing_customer_phone_rejected" time="0.025" /><testcase classname="backend.tests.test_fraud_protection.TestIdentityValidation" name="test_non_saudi_phone_rejected" time="0.026" /><testcase classname="backend.tests.test_fraud_protection.TestIdentityValidation" name="test_short_invalid_phone_rejected" time="0.024" /><testcase classname="backend.tests.test_fraud_protection.TestLowRiskOrder" name="test_valid_05_phone_accepted_low_risk" time="0.044" /><testcase classname="backend.tests.test_fraud_protection.TestOtpFlow" name="test_high_risk_returns_requires_otp" time="0.084" /><testcase classname="backend.tests.test_fraud_protection.TestOtpFlow" name="test_otp_stored_in_db" time="0.085" /><testcase classname="backend.tests.test_fraud_protection.TestOtpFlow" name="test_verify_wrong_code_400" time="0.078" /><testcase classname="backend.tests.test_fraud_protection.TestOtpFlow" name="test_verify_correct_code_success_then_single_use" time="0.121" /><testcase classname="backend.tests.test_fraud_protection.TestOtpFlow" name="test_resend_invalidates_prior_otp" time="0.184" /><testcase classname="backend.tests.test_fraud_protection.TestAdminFraud" name="test_stats_requires_auth" time="0.019" /><testcase classname="backend.tests.test_fraud_protection.TestAdminFraud" name="test_stats_returns_counters" time="0.054" /><testcase classname="backend.tests.test_fraud_protection.TestAdminFraud" name="test_attempts_list" time="0.048" /><testcase classname="backend.tests.test_fraud_protection.TestAdminFraud" name="test_pending_list" time="0.054" /><testcase classname="backend.tests.test_fraud_protection.TestCashierApprove" name="test_approve_sets_status_accepted" time="0.195" /><testcase classname="backend.tests.test_fraud_protection.TestCashierReject" name="test_reject_flips_status_and_blacklists_phone_and_device" time="0.233" /><testcase classname="backend.tests.test_fraud_protection.TestBlacklistEndpoints" name="test_add_then_subsequent_order_blocked" time="0.081" /><testcase classname="backend.tests.test_fraud_protection.TestBlacklistEndpoints" name="test_invalid_blacklist_type_400" time="0.019" /><testcase classname="backend.tests.test_fraud_protection.TestBlacklistEndpoints" name="test_delete_blacklist_entry" time="0.065" /><testcase classname="backend.tests.test_fraud_protection.TestTenantIsolation" name="test_tenantA_blacklist_does_not_affect_tenantB" time="0.213" /><testcase classname="backend.tests.test_auth_and_options.TestAuth" name="test_signup_logout_login_again" time="0.422" /><testcase classname="backend.tests.test_auth_and_options.TestAuth" name="test_6_wrong_passwords_same_email_locks_with_email_ip_scope" time="0.990" /><testcase classname="backend.tests.test_auth_and_options.TestAuth" name="test_lockout_is_per_email_other_email_not_blocked" time="1.455" /><testcase classname="backend.tests.test_auth_and_options.TestAuth" name="test_success_clears_prior_failures" time="1.236" /><testcase classname="backend.tests.test_auth_and_options.TestProductOptions" name="test_create_product_with_option_groups" time="0.355" /><testcase classname="backend.tests.test_auth_and_options.TestProductOptions" name="test_patch_name_only_does_not_drop_option_groups" time="0.394" /><testcase classname="backend.tests.test_auth_and_options.TestProductOptions" name="test_order_unit_price_includes_options" time="0.073" /><testcase classname="backend.tests.test_auth_and_options.TestProductOptions" name="test_required_option_missing_returns_400" time="0.051" /><testcase classname="backend.tests.test_auth_and_options.TestProductOptions" name="test_get_order_returns_selected_options_and_base_unit_price" time="0.037" /><testcase classname="backend.tests.test_auth_and_options.TestProductOptions" name="test_simple_product_without_options_still_works" time="0.087"><failure message="AssertionError: &lt;!DOCTYPE html&gt;&#10;  &lt;html lang=&quot;en&quot;&gt;&#10;  &lt;head&gt;&#10;  &lt;meta charset=&quot;utf-8&quot;&gt;&#10;  &lt;title&gt;Error&lt;/title&gt;&#10;  &lt;/head&gt;&#10;  &lt;body&gt;&#10;  &lt;pre&gt;Error: Failed query: insert into &amp;quot;orders&amp;quot; (&amp;quot;id&amp;quot;, &amp;quot;tenant_id&amp;quot;, &amp;quot;customer_id&amp;quot;, &amp;quot;order_number&amp;quot;, &amp;quot;type&amp;quot;, &amp;quot;status&amp;quot;, &amp;quot;subtotal&amp;quot;, &amp;quot;discount&amp;quot;, &amp;quot;tax&amp;quot;, &amp;quot;total&amp;quot;, &amp;quot;payment_method&amp;quot;, &amp;quot;amount_paid&amp;quot;, &amp;quot;change_amount&amp;quot;, &amp;quot;table_number&amp;quot;, &amp;quot;notes&amp;quot;, &amp;quot;general_note&amp;quot;, &amp;quot;customer_name&amp;quot;, &amp;quot;customer_phone&amp;quot;, &amp;quot;source&amp;quot;, &amp;quot;kitchen_ready_at&amp;quot;, &amp;quot;attachment_url&amp;quot;, &amp;quot;completion_token&amp;quot;, &amp;quot;created_at&amp;quot;, &amp;quot;completed_at&amp;quot;) values (default, $1, $2, $3, $4, $5, $6, $7, $8, $9, $10, $11, $12, $13, $14, default, default, default, default, default, default, default, default, default) returning &amp;quot;id&amp;quot;, &amp;quot;tenant_id&amp;quot;, &amp;quot;customer_id&amp;quot;, &amp;quot;order_number&amp;quot;, &amp;quot;type&amp;quot;, &amp;quot;status&amp;quot;, &amp;quot;subtotal&amp;quot;, &amp;quot;discount&amp;quot;, &amp;quot;tax&amp;quot;, &amp;quot;total&amp;quot;, &amp;quot;payment_method&amp;quot;, &amp;quot;amount_paid&amp;quot;, &amp;quot;change_amount&amp;quot;, &amp;quot;table_number&amp;quot;, &amp;quot;notes&amp;quot;, &amp;quot;general_note&amp;quot;, &amp;quot;customer_name&amp;quot;, &amp;quot;customer_phone&amp;quot;, &amp;quot;source&amp;quot;, &amp;quot;kitchen_ready_at&amp;quot;, &amp;quot;attachment_url&amp;quot;, &amp;quot;completion_token&amp;quot;, &amp;quot;created_at&amp;quot;, &amp;quot;completed_at&amp;quot;&lt;br&gt;params: 38,,ORD-1321-56,dine_in,pending,10,0,1.3,10,,,,,&lt;br&gt; &amp;nbsp; &amp;nbsp;at NodePgPreparedQuery.queryWithCache (/app/node_modules/.pnpm/drizzle-orm@0.45.2_@types+pg@8.18.0_pg@8.20.0/node_modules/src/pg-core/session.ts:73:11)&lt;br&gt; &amp;nbsp; &amp;nbsp;at process.processTicksAndRejections (node:internal/process/task_queues:95:5)&lt;br&gt; &amp;nbsp; &amp;nbsp;at async &amp;lt;anonymous&amp;gt; (/app/node_modules/.pnpm/drizzle-orm@0.45.2_@types+pg@8.18.0_pg@8.20.0/node_modules/src/node-postgres/session.ts:154:19)&lt;br&gt; &amp;nbsp; &amp;nbsp;at async &amp;lt;anonymous&amp;gt; (/app/artifacts/api-server/src/routes/orders.ts:193:19)&lt;/pre&gt;&#10;  &lt;/body&gt;&#10;  &lt;/html&gt;&#10;  &#10;assert 500 == 201&#10; +  where 500 = &lt;Response [500]&gt;.status_code">backend/tests/test_auth_and_options.py:267: in test_simple_product_without_options_still_works
    assert r.status_code == 201, r.text
E   AssertionError: &lt;!DOCTYPE html&gt;
E     &lt;html lang="en"&gt;
E     &lt;head&gt;
E     &lt;meta charset="utf-8"&gt;
E     &lt;title&gt;Error&lt;/title&gt;
E     &lt;/head&gt;
E     &lt;body&gt;
E     &lt;pre&gt;Error: Failed query: insert into &amp;quot;orders&amp;quot; (&amp;quot;id&amp;quot;, &amp;quot;tenant_id&amp;quot;, &amp;quot;customer_id&amp;quot;, &amp;quot;order_number&amp;quot;, &amp;quot;type&amp;quot;, &amp;quot;status&amp;quot;, &amp;quot;subtotal&amp;quot;, &amp;quot;discount&amp;quot;, &amp;quot;tax&amp;quot;, &amp;quot;total&amp;quot;, &amp;quot;payment_method&amp;quot;, &amp;quot;amount_paid&amp;quot;, &amp;quot;change_amount&amp;quot;, &amp;quot;table_number&amp;quot;, &amp;quot;notes&amp;quot;, &amp;quot;general_note&amp;quot;, &amp;quot;customer_name&amp;quot;, &amp;quot;customer_phone&amp;quot;, &amp;quot;source&amp;quot;, &amp;quot;kitchen_ready_at&amp;quot;, &amp;quot;attachment_url&amp;quot;, &amp;quot;completion_token&amp;quot;, &amp;quot;created_at&amp;quot;, &amp;quot;completed_at&amp;quot;) values (default, $1, $2, $3, $4, $5, $6, $7, $8, $9, $10, $11, $12, $13, $14, default, default, default, default, default, default, default, default, default) returning &amp;quot;id&amp;quot;, &amp;quot;tenant_id&amp;quot;, &amp;quot;customer_id&amp;quot;, &amp;quot;order_number&amp;quot;, &amp;quot;type&amp;quot;, &amp;quot;status&amp;quot;, &amp;quot;subtotal&amp;quot;, &amp;quot;discount&amp;quot;, &amp;quot;tax&amp;quot;, &amp;quot;total&amp;quot;, &amp;quot;payment_method&amp;quot;, &amp;quot;amount_paid&amp;quot;, &amp;quot;change_amount&amp;quot;, &amp;quot;table_number&amp;quot;, &amp;quot;notes&amp;quot;, &amp;quot;general_note&amp;quot;, &amp;quot;customer_name&amp;quot;, &amp;quot;customer_phone&amp;quot;, &amp;quot;source&amp;quot;, &amp;quot;kitchen_ready_at&amp;quot;, &amp;quot;attachment_url&amp;quot;, &amp;quot;completion_token&amp;quot;, &amp;quot;created_at&amp;quot;, &amp;quot;completed_at&amp;quot;&lt;br&gt;params: 38,,ORD-1321-56,dine_in,pending,10,0,1.3,10,,,,,&lt;br&gt; &amp;nbsp; &amp;nbsp;at NodePgPreparedQuery.queryWithCache (/app/node_modules/.pnpm/drizzle-orm@0.45.2_@types+pg@8.18.0_pg@8.20.0/node_modules/src/pg-core/session.ts:73:11)&lt;br&gt; &amp;nbsp; &amp;nbsp;at process.processTicksAndRejections (node:internal/process/task_queues:95:5)&lt;br&gt; &amp;nbsp; &amp;nbsp;at async &amp;lt;anonymous&amp;gt; (/app/node_modules/.pnpm/drizzle-orm@0.45.2_@types+pg@8.18.0_pg@8.20.0/node_modules/src/node-postgres/session.ts:154:19)&lt;br&gt; &amp;nbsp; &amp;nbsp;at async &amp;lt;anonymous&amp;gt; (/app/artifacts/api-server/src/routes/orders.ts:193:19)&lt;/pre&gt;
E     &lt;/body&gt;
E     &lt;/html&gt;
E     
E   assert 500 == 201
E    +  where 500 = &lt;Response [500]&gt;.status_code</failure></testcase><testcase classname="backend.tests.test_auth_and_options.TestProductOptions" name="test_tenant_isolation_options_product" time="0.206" /><testcase classname="backend.tests.test_auth_and_options.TestPriceModeFullDelta" name="test_create_product_with_full_mode_items_stores_price" time="0.058" /><testcase classname="backend.tests.test_auth_and_options.TestPriceModeFullDelta" name="test_create_product_full_mode_without_price_rejected" time="0.068" /><testcase classname="backend.tests.test_auth_and_options.TestPriceModeFullDelta" name="test_delta_only_still_supported" time="0.065" /><testcase classname="backend.tests.test_auth_and_options.TestPriceModeFullDelta" name="test_order_full_only_overrides_base" time="0.082" /><testcase classname="backend.tests.test_auth_and_options.TestPriceModeFullDelta" name="test_order_full_plus_delta" time="0.057" /><testcase classname="backend.tests.test_auth_and_options.TestPriceModeFullDelta" name="test_order_full_plus_two_deltas_qty2_subtotal" time="0.068" /><testcase classname="backend.tests.test_auth_and_options.TestPriceModeFullDelta" name="test_order_delta_only_uses_base_plus_delta" time="0.062" /><testcase classname="backend.tests.test_auth_and_options.TestPriceModeFullDelta" name="test_order_missing_required_size_returns_400" time="0.046" /><testcase classname="backend.tests.test_auth_and_options.TestPriceModeFullDelta" name="test_get_order_preserves_priceMode_snapshot" time="0.092" /><testcase classname="backend.tests.test_auth_and_options.TestPublicGuestOrderPriceMode" name="test_public_order_full_plus_delta" time="0.056" /><testcase classname="backend.tests.test_auth_and_options.TestPublicGuestOrderPriceMode" name="test_public_order_full_only_overrides_base" time="0.051" /><testcase classname="backend.tests.test_auth_and_options.TestPublicGuestOrderPriceMode" name="test_public_order_missing_required_returns_400" time="0.058" /><testcase classname="backend.tests.test_auth_and_options.TestPublicGuestOrder" name="test_public_order_with_options_and_required_missing" time="0.098" /></testsuite></testsuites>