<?xml version="1.0" encoding="utf-8"?><testsuites name="pytest tests"><testsuite name="pytest" errors="0" failures="0" skipped="0" tests="12" time="4.803" timestamp="2026-05-23T12:19:43.641764+00:00" hostname="agent-env-d40ff25a-6729-4cca-ab4c-05bad06cdee1"><testcase classname="backend.tests.test_auth_and_options.TestAuth" name="test_signup_logout_login_again" time="0.437" /><testcase classname="backend.tests.test_auth_and_options.TestAuth" name="test_6_wrong_passwords_same_email_locks_with_email_ip_scope" time="0.890" /><testcase classname="backend.tests.test_auth_and_options.TestAuth" name="test_lockout_is_per_email_other_email_not_blocked" time="1.144" /><testcase classname="backend.tests.test_auth_and_options.TestAuth" name="test_success_clears_prior_failures" time="1.060" /><testcase classname="backend.tests.test_auth_and_options.TestProductOptions" name="test_create_product_with_option_groups" time="0.223" /><testcase classname="backend.tests.test_auth_and_options.TestProductOptions" name="test_patch_name_only_does_not_drop_option_groups" time="0.070" /><testcase classname="backend.tests.test_auth_and_options.TestProductOptions" name="test_order_unit_price_includes_options" time="0.072" /><testcase classname="backend.tests.test_auth_and_options.TestProductOptions" name="test_required_option_missing_returns_400" time="0.060" /><testcase classname="backend.tests.test_auth_and_options.TestProductOptions" name="test_get_order_returns_selected_options_and_base_unit_price" time="0.065" /><testcase classname="backend.tests.test_auth_and_options.TestProductOptions" name="test_simple_product_without_options_still_works" time="0.112" /><testcase classname="backend.tests.test_auth_and_options.TestProductOptions" name="test_tenant_isolation_options_product" time="0.224" /><testcase classname="backend.tests.test_auth_and_options.TestPublicGuestOrder" name="test_public_order_with_options_and_required_missing" time="0.064" /></testsuite></testsuites>